<?xml version="1.0" encoding="UTF-8" ?>
<testsuite failures="0" time="0.021" errors="0" skipped="0" tests="1" name="de.l3s.fca.web.ResultTest">
  <properties>
    <property name="java.runtime.name" value="Java(TM) SE Runtime Environment"/>
    <property name="sun.boot.library.path" value="/home/rja/bin/jdk1.6.0_18/jre/lib/amd64"/>
    <property name="java.vm.version" value="16.0-b13"/>
    <property name="java.vm.vendor" value="Sun Microsystems Inc."/>
    <property name="java.vendor.url" value="http://java.sun.com/"/>
    <property name="path.separator" value=":"/>
    <property name="java.vm.name" value="Java HotSpot(TM) 64-Bit Server VM"/>
    <property name="file.encoding.pkg" value="sun.io"/>
    <property name="user.country" value="DE"/>
    <property name="sun.java.launcher" value="SUN_STANDARD"/>
    <property name="sun.os.patch.level" value="unknown"/>
    <property name="java.vm.specification.name" value="Java Virtual Machine Specification"/>
    <property name="user.dir" value="/home/rja/workspace/web-att-exp"/>
    <property name="java.runtime.version" value="1.6.0_18-b07"/>
    <property name="java.awt.graphicsenv" value="sun.awt.X11GraphicsEnvironment"/>
    <property name="basedir" value="/home/rja/workspace/web-att-exp"/>
    <property name="java.endorsed.dirs" value="/home/rja/bin/jdk1.6.0_18/jre/lib/endorsed"/>
    <property name="os.arch" value="amd64"/>
    <property name="surefire.real.class.path" value="/tmp/surefirebooter4006352045742141081.jar"/>
    <property name="java.io.tmpdir" value="/tmp"/>
    <property name="line.separator" value="
"/>
    <property name="java.vm.specification.vendor" value="Sun Microsystems Inc."/>
    <property name="os.name" value="Linux"/>
    <property name="sun.jnu.encoding" value="UTF-8"/>
    <property name="java.library.path" value="/home/rja/bin/jdk1.6.0_18/jre/lib/amd64/server:/home/rja/bin/jdk1.6.0_18/jre/lib/amd64:/home/rja/bin/jdk1.6.0_18/jre/../lib/amd64:/usr/lib64/xulrunner-addons:/usr/java/packages/lib/amd64:/usr/lib64:/lib64:/lib:/usr/lib"/>
    <property name="surefire.test.class.path" value="/home/rja/workspace/web-att-exp/target/test-classes:/home/rja/workspace/web-att-exp/target/classes:/home/rja/.m2/repository/junit/junit/4.10/junit-4.10.jar:/home/rja/.m2/repository/org/hamcrest/hamcrest-core/1.1/hamcrest-core-1.1.jar:/home/rja/.m2/repository/log4j/log4j/1.2.12/log4j-1.2.12.jar:/home/rja/.m2/repository/de/tudresden/inf/tcs/fcalib/0.10.2/fcalib-0.10.2.jar:/home/rja/.m2/repository/de/tudresden/inf/tcs/fcaapi/0.10.2/fcaapi-0.10.2.jar:/home/rja/.m2/repository/org/apache/httpcomponents/httpclient/4.2.2/httpclient-4.2.2.jar:/home/rja/.m2/repository/org/apache/httpcomponents/httpcore/4.2.2/httpcore-4.2.2.jar:/home/rja/.m2/repository/commons-logging/commons-logging/1.1.1/commons-logging-1.1.1.jar:/home/rja/.m2/repository/commons-codec/commons-codec/1.6/commons-codec-1.6.jar:/home/rja/.m2/repository/org/eclipse/jetty/jetty-http/8.1.4.v20120524/jetty-http-8.1.4.v20120524.jar:/home/rja/.m2/repository/org/eclipse/jetty/jetty-io/8.1.4.v20120524/jetty-io-8.1.4.v20120524.jar:/home/rja/.m2/repository/org/eclipse/jetty/jetty-util/8.1.4.v20120524/jetty-util-8.1.4.v20120524.jar:/home/rja/.m2/repository/org/eclipse/jetty/jetty-server/8.1.4.v20120524/jetty-server-8.1.4.v20120524.jar:/home/rja/.m2/repository/org/eclipse/jetty/orbit/javax.servlet/3.0.0.v201112011016/javax.servlet-3.0.0.v201112011016.jar:/home/rja/.m2/repository/org/eclipse/jetty/jetty-continuation/8.1.4.v20120524/jetty-continuation-8.1.4.v20120524.jar:/home/rja/.m2/repository/org/eclipse/jetty/jetty-jsp/8.1.4.v20120524/jetty-jsp-8.1.4.v20120524.jar:/home/rja/.m2/repository/org/eclipse/jetty/orbit/javax.servlet.jsp/2.2.0.v201112011158/javax.servlet.jsp-2.2.0.v201112011158.jar:/home/rja/.m2/repository/org/eclipse/jetty/orbit/org.apache.jasper.glassfish/2.2.2.v201112011158/org.apache.jasper.glassfish-2.2.2.v201112011158.jar:/home/rja/.m2/repository/org/eclipse/jetty/orbit/javax.servlet.jsp.jstl/1.2.0.v201105211821/javax.servlet.jsp.jstl-1.2.0.v201105211821.jar:/home/rja/.m2/repository/org/eclipse/jetty/orbit/org.apache.taglibs.standard.glassfish/1.2.0.v201112081803/org.apache.taglibs.standard.glassfish-1.2.0.v201112081803.jar:/home/rja/.m2/repository/org/eclipse/jetty/orbit/javax.el/2.2.0.v201108011116/javax.el-2.2.0.v201108011116.jar:/home/rja/.m2/repository/org/eclipse/jetty/orbit/com.sun.el/2.2.0.v201108011116/com.sun.el-2.2.0.v201108011116.jar:/home/rja/.m2/repository/org/eclipse/jetty/orbit/org.eclipse.jdt.core/3.7.1/org.eclipse.jdt.core-3.7.1.jar:/home/rja/.m2/repository/org/eclipse/jetty/jetty-servlet/8.1.4.v20120524/jetty-servlet-8.1.4.v20120524.jar:/home/rja/.m2/repository/org/eclipse/jetty/jetty-security/8.1.4.v20120524/jetty-security-8.1.4.v20120524.jar:/home/rja/.m2/repository/org/eclipse/jetty/jetty-webapp/8.1.4.v20120524/jetty-webapp-8.1.4.v20120524.jar:/home/rja/.m2/repository/org/eclipse/jetty/jetty-xml/8.1.4.v20120524/jetty-xml-8.1.4.v20120524.jar:/home/rja/.m2/repository/org/springframework/spring-webmvc/3.1.1.RELEASE/spring-webmvc-3.1.1.RELEASE.jar:/home/rja/.m2/repository/org/springframework/spring-asm/3.1.1.RELEASE/spring-asm-3.1.1.RELEASE.jar:/home/rja/.m2/repository/org/springframework/spring-beans/3.1.1.RELEASE/spring-beans-3.1.1.RELEASE.jar:/home/rja/.m2/repository/org/springframework/spring-core/3.1.1.RELEASE/spring-core-3.1.1.RELEASE.jar:/home/rja/.m2/repository/org/springframework/spring-context/3.1.1.RELEASE/spring-context-3.1.1.RELEASE.jar:/home/rja/.m2/repository/org/springframework/spring-aop/3.1.1.RELEASE/spring-aop-3.1.1.RELEASE.jar:/home/rja/.m2/repository/aopalliance/aopalliance/1.0/aopalliance-1.0.jar:/home/rja/.m2/repository/org/springframework/spring-expression/3.1.1.RELEASE/spring-expression-3.1.1.RELEASE.jar:/home/rja/.m2/repository/org/springframework/spring-context-support/3.1.1.RELEASE/spring-context-support-3.1.1.RELEASE.jar:/home/rja/.m2/repository/org/springframework/spring-web/3.1.1.RELEASE/spring-web-3.1.1.RELEASE.jar:/home/rja/.m2/repository/commons-fileupload/commons-fileupload/1.2.2/commons-fileupload-1.2.2.jar:/home/rja/.m2/repository/commons-io/commons-io/2.3/commons-io-2.3.jar:/home/rja/.m2/repository/com/googlecode/json-simple/json-simple/1.1/json-simple-1.1.jar:/home/rja/.m2/repository/javax/servlet/javax.servlet-api/3.0.1/javax.servlet-api-3.0.1.jar:/home/rja/.m2/repository/javax/servlet/jstl/1.2/jstl-1.2.jar:/home/rja/.m2/repository/org/glassfish/web/jstl-impl/1.2/jstl-impl-1.2.jar:"/>
    <property name="java.specification.name" value="Java Platform API Specification"/>
    <property name="java.class.version" value="50.0"/>
    <property name="sun.management.compiler" value="HotSpot 64-Bit Server Compiler"/>
    <property name="os.version" value="2.6.32-5-amd64"/>
    <property name="user.home" value="/home/rja"/>
    <property name="user.timezone" value="Europe/Berlin"/>
    <property name="java.awt.printerjob" value="sun.print.PSPrinterJob"/>
    <property name="file.encoding" value="UTF-8"/>
    <property name="java.specification.version" value="1.6"/>
    <property name="user.name" value="rja"/>
    <property name="java.class.path" value="/home/rja/workspace/web-att-exp/target/test-classes:/home/rja/workspace/web-att-exp/target/classes:/home/rja/.m2/repository/junit/junit/4.10/junit-4.10.jar:/home/rja/.m2/repository/org/hamcrest/hamcrest-core/1.1/hamcrest-core-1.1.jar:/home/rja/.m2/repository/log4j/log4j/1.2.12/log4j-1.2.12.jar:/home/rja/.m2/repository/de/tudresden/inf/tcs/fcalib/0.10.2/fcalib-0.10.2.jar:/home/rja/.m2/repository/de/tudresden/inf/tcs/fcaapi/0.10.2/fcaapi-0.10.2.jar:/home/rja/.m2/repository/org/apache/httpcomponents/httpclient/4.2.2/httpclient-4.2.2.jar:/home/rja/.m2/repository/org/apache/httpcomponents/httpcore/4.2.2/httpcore-4.2.2.jar:/home/rja/.m2/repository/commons-logging/commons-logging/1.1.1/commons-logging-1.1.1.jar:/home/rja/.m2/repository/commons-codec/commons-codec/1.6/commons-codec-1.6.jar:/home/rja/.m2/repository/org/eclipse/jetty/jetty-http/8.1.4.v20120524/jetty-http-8.1.4.v20120524.jar:/home/rja/.m2/repository/org/eclipse/jetty/jetty-io/8.1.4.v20120524/jetty-io-8.1.4.v20120524.jar:/home/rja/.m2/repository/org/eclipse/jetty/jetty-util/8.1.4.v20120524/jetty-util-8.1.4.v20120524.jar:/home/rja/.m2/repository/org/eclipse/jetty/jetty-server/8.1.4.v20120524/jetty-server-8.1.4.v20120524.jar:/home/rja/.m2/repository/org/eclipse/jetty/orbit/javax.servlet/3.0.0.v201112011016/javax.servlet-3.0.0.v201112011016.jar:/home/rja/.m2/repository/org/eclipse/jetty/jetty-continuation/8.1.4.v20120524/jetty-continuation-8.1.4.v20120524.jar:/home/rja/.m2/repository/org/eclipse/jetty/jetty-jsp/8.1.4.v20120524/jetty-jsp-8.1.4.v20120524.jar:/home/rja/.m2/repository/org/eclipse/jetty/orbit/javax.servlet.jsp/2.2.0.v201112011158/javax.servlet.jsp-2.2.0.v201112011158.jar:/home/rja/.m2/repository/org/eclipse/jetty/orbit/org.apache.jasper.glassfish/2.2.2.v201112011158/org.apache.jasper.glassfish-2.2.2.v201112011158.jar:/home/rja/.m2/repository/org/eclipse/jetty/orbit/javax.servlet.jsp.jstl/1.2.0.v201105211821/javax.servlet.jsp.jstl-1.2.0.v201105211821.jar:/home/rja/.m2/repository/org/eclipse/jetty/orbit/org.apache.taglibs.standard.glassfish/1.2.0.v201112081803/org.apache.taglibs.standard.glassfish-1.2.0.v201112081803.jar:/home/rja/.m2/repository/org/eclipse/jetty/orbit/javax.el/2.2.0.v201108011116/javax.el-2.2.0.v201108011116.jar:/home/rja/.m2/repository/org/eclipse/jetty/orbit/com.sun.el/2.2.0.v201108011116/com.sun.el-2.2.0.v201108011116.jar:/home/rja/.m2/repository/org/eclipse/jetty/orbit/org.eclipse.jdt.core/3.7.1/org.eclipse.jdt.core-3.7.1.jar:/home/rja/.m2/repository/org/eclipse/jetty/jetty-servlet/8.1.4.v20120524/jetty-servlet-8.1.4.v20120524.jar:/home/rja/.m2/repository/org/eclipse/jetty/jetty-security/8.1.4.v20120524/jetty-security-8.1.4.v20120524.jar:/home/rja/.m2/repository/org/eclipse/jetty/jetty-webapp/8.1.4.v20120524/jetty-webapp-8.1.4.v20120524.jar:/home/rja/.m2/repository/org/eclipse/jetty/jetty-xml/8.1.4.v20120524/jetty-xml-8.1.4.v20120524.jar:/home/rja/.m2/repository/org/springframework/spring-webmvc/3.1.1.RELEASE/spring-webmvc-3.1.1.RELEASE.jar:/home/rja/.m2/repository/org/springframework/spring-asm/3.1.1.RELEASE/spring-asm-3.1.1.RELEASE.jar:/home/rja/.m2/repository/org/springframework/spring-beans/3.1.1.RELEASE/spring-beans-3.1.1.RELEASE.jar:/home/rja/.m2/repository/org/springframework/spring-core/3.1.1.RELEASE/spring-core-3.1.1.RELEASE.jar:/home/rja/.m2/repository/org/springframework/spring-context/3.1.1.RELEASE/spring-context-3.1.1.RELEASE.jar:/home/rja/.m2/repository/org/springframework/spring-aop/3.1.1.RELEASE/spring-aop-3.1.1.RELEASE.jar:/home/rja/.m2/repository/aopalliance/aopalliance/1.0/aopalliance-1.0.jar:/home/rja/.m2/repository/org/springframework/spring-expression/3.1.1.RELEASE/spring-expression-3.1.1.RELEASE.jar:/home/rja/.m2/repository/org/springframework/spring-context-support/3.1.1.RELEASE/spring-context-support-3.1.1.RELEASE.jar:/home/rja/.m2/repository/org/springframework/spring-web/3.1.1.RELEASE/spring-web-3.1.1.RELEASE.jar:/home/rja/.m2/repository/commons-fileupload/commons-fileupload/1.2.2/commons-fileupload-1.2.2.jar:/home/rja/.m2/repository/commons-io/commons-io/2.3/commons-io-2.3.jar:/home/rja/.m2/repository/com/googlecode/json-simple/json-simple/1.1/json-simple-1.1.jar:/home/rja/.m2/repository/javax/servlet/javax.servlet-api/3.0.1/javax.servlet-api-3.0.1.jar:/home/rja/.m2/repository/javax/servlet/jstl/1.2/jstl-1.2.jar:/home/rja/.m2/repository/org/glassfish/web/jstl-impl/1.2/jstl-impl-1.2.jar:"/>
    <property name="java.vm.specification.version" value="1.0"/>
    <property name="sun.arch.data.model" value="64"/>
    <property name="java.home" value="/home/rja/bin/jdk1.6.0_18/jre"/>
    <property name="java.specification.vendor" value="Sun Microsystems Inc."/>
    <property name="user.language" value="de"/>
    <property name="java.vm.info" value="mixed mode"/>
    <property name="java.version" value="1.6.0_18"/>
    <property name="java.ext.dirs" value="/home/rja/bin/jdk1.6.0_18/jre/lib/ext:/usr/java/packages/lib/ext"/>
    <property name="sun.boot.class.path" value="/home/rja/bin/jdk1.6.0_18/jre/lib/resources.jar:/home/rja/bin/jdk1.6.0_18/jre/lib/rt.jar:/home/rja/bin/jdk1.6.0_18/jre/lib/sunrsasign.jar:/home/rja/bin/jdk1.6.0_18/jre/lib/jsse.jar:/home/rja/bin/jdk1.6.0_18/jre/lib/jce.jar:/home/rja/bin/jdk1.6.0_18/jre/lib/charsets.jar:/home/rja/bin/jdk1.6.0_18/jre/classes"/>
    <property name="java.vendor" value="Sun Microsystems Inc."/>
    <property name="localRepository" value="/home/rja/.m2/repository"/>
    <property name="file.separator" value="/"/>
    <property name="java.vendor.url.bug" value="http://java.sun.com/cgi-bin/bugreport.cgi"/>
    <property name="sun.cpu.endian" value="little"/>
    <property name="sun.io.unicode.encoding" value="UnicodeLittle"/>
    <property name="sun.desktop" value="gnome"/>
    <property name="sun.cpu.isalist" value=""/>
  </properties>
  <testcase time="0.001" classname="de.l3s.fca.web.ResultTest" name="testToString"/>
</testsuite>